<?xml version="1.0" encoding="UTF-8"?>
<!-- Generated by org.testng.reporters.JUnitReportReporter -->
<testsuite hostname="Sayali" failures="0" tests="1" name="com.test.com.test.IntegrationTC" time="0.235" errors="0" timestamp="2023-02-15T11:51:53 IST" skipped="0">
  <testcase classname="com.test.com.test.IntegrationTC" name="login" time="0.235"/>
  <system-out/>
</testsuite> <!-- com.test.com.test.IntegrationTC -->
